digraph Tree {
node [shape=box] ;
0 [label="X[2] <= 10.5\ngini = 0.0713\nsamples = 1000\nvalue = [963, 37]"] ;
1 [label="X[4] <= 0.5\ngini = 0.2242\nsamples = 171\nvalue = [149, 22]"] ;
0 -> 1 [labeldistance=2.5, labelangle=45, headlabel="True"] ;
2 [label="X[19] <= 1.5\ngini = 0.3841\nsamples = 54\nvalue = [40, 14]"] ;
1 -> 2 ;
3 [label="X[9] <= 2.5\ngini = 0.4704\nsamples = 37\nvalue = [23, 14]"] ;
2 -> 3 ;
4 [label="gini = 0.0\nsamples = 7\nvalue = [7, 0]"] ;
3 -> 4 ;
5 [label="X[2] <= 9.5\ngini = 0.4978\nsamples = 30\nvalue = [16, 14]"] ;
3 -> 5 ;
6 [label="gini = 0.4628\nsamples = 22\nvalue = [14, 8]"] ;
5 -> 6 ;
7 [label="gini = 0.375\nsamples = 8\nvalue = [2, 6]"] ;
5 -> 7 ;
8 [label="gini = 0.0\nsamples = 17\nvalue = [17, 0]"] ;
2 -> 8 ;
9 [label="X[10] <= 1.5\ngini = 0.1274\nsamples = 117\nvalue = [109, 8]"] ;
1 -> 9 ;
10 [label="X[9] <= 3.5\ngini = 0.0733\nsamples = 105\nvalue = [101, 4]"] ;
9 -> 10 ;
11 [label="X[7] <= 1.5\ngini = 0.0421\nsamples = 93\nvalue = [91, 2]"] ;
10 -> 11 ;
12 [label="gini = 0.32\nsamples = 5\nvalue = [4, 1]"] ;
11 -> 12 ;
13 [label="gini = 0.0225\nsamples = 88\nvalue = [87, 1]"] ;
11 -> 13 ;
14 [label="X[2] <= 9.5\ngini = 0.2778\nsamples = 12\nvalue = [10, 2]"] ;
10 -> 14 ;
15 [label="gini = 0.1653\nsamples = 11\nvalue = [10, 1]"] ;
14 -> 15 ;
16 [label="gini = 0.0\nsamples = 1\nvalue = [0, 1]"] ;
14 -> 16 ;
17 [label="X[1] <= 1.5\ngini = 0.4444\nsamples = 12\nvalue = [8, 4]"] ;
9 -> 17 ;
18 [label="gini = 0.0\nsamples = 2\nvalue = [0, 2]"] ;
17 -> 18 ;
19 [label="X[9] <= 2.5\ngini = 0.32\nsamples = 10\nvalue = [8, 2]"] ;
17 -> 19 ;
20 [label="gini = 0.0\nsamples = 4\nvalue = [4, 0]"] ;
19 -> 20 ;
21 [label="gini = 0.4444\nsamples = 6\nvalue = [4, 2]"] ;
19 -> 21 ;
22 [label="X[5] <= 17184.5\ngini = 0.0355\nsamples = 829\nvalue = [814, 15]"] ;
0 -> 22 [labeldistance=2.5, labelangle=-45, headlabel="False"] ;
23 [label="X[1] <= 1.5\ngini = 0.0332\nsamples = 828\nvalue = [814, 14]"] ;
22 -> 23 ;
24 [label="X[10] <= 1.5\ngini = 0.0808\nsamples = 237\nvalue = [227, 10]"] ;
23 -> 24 ;
25 [label="X[5] <= 7616.0\ngini = 0.0478\nsamples = 204\nvalue = [199, 5]"] ;
24 -> 25 ;
26 [label="gini = 0.0316\nsamples = 187\nvalue = [184, 3]"] ;
25 -> 26 ;
27 [label="gini = 0.2076\nsamples = 17\nvalue = [15, 2]"] ;
25 -> 27 ;
28 [label="X[13] <= 24.5\ngini = 0.2571\nsamples = 33\nvalue = [28, 5]"] ;
24 -> 28 ;
29 [label="gini = 0.5\nsamples = 6\nvalue = [3, 3]"] ;
28 -> 29 ;
30 [label="gini = 0.1372\nsamples = 27\nvalue = [25, 2]"] ;
28 -> 30 ;
31 [label="X[7] <= 3.5\ngini = 0.0134\nsamples = 591\nvalue = [587, 4]"] ;
23 -> 31 ;
32 [label="gini = 0.0\nsamples = 327\nvalue = [327, 0]"] ;
31 -> 32 ;
33 [label="X[2] <= 19.0\ngini = 0.0298\nsamples = 264\nvalue = [260, 4]"] ;
31 -> 33 ;
34 [label="gini = 0.0726\nsamples = 106\nvalue = [102, 4]"] ;
33 -> 34 ;
35 [label="gini = 0.0\nsamples = 158\nvalue = [158, 0]"] ;
33 -> 35 ;
36 [label="gini = 0.0\nsamples = 1\nvalue = [0, 1]"] ;
22 -> 36 ;
}